<?xml version="1.0" encoding="UTF-8"?>
<testsuite xmlns:xsi="http://www.w3.org/2001/XMLSchema-instance" xsi:noNamespaceSchemaLocation="https://maven.apache.org/surefire/maven-surefire-plugin/xsd/surefire-test-report.xsd" version="3.0.1" name="es.cursosprhib.mediosdepago.persistencia.TestClienteDao" time="0.106" tests="3" errors="0" skipped="0" failures="0">
  <properties>
[...]
</properties>
  <testcase name="testFindByNombre" classname="es.cursosprhib.mediosdepago.persistencia.TestClienteDao" time="0.048"/>
  <testcase name="testFindAll" classname="es.cursosprhib.mediosdepago.persistencia.TestClienteDao" time="0.034"/>
  <testcase name="testFindByIdEager" classname="es.cursosprhib.mediosdepago.persistencia.TestClienteDao" time="0.021"/>
</testsuite>