<?xml version="1.0" encoding="UTF-8"?>
<testsuite xmlns:xsi="http://www.w3.org/2001/XMLSchema-instance" xsi:noNamespaceSchemaLocation="https://maven.apache.org/surefire/maven-surefire-plugin/xsd/surefire-test-report.xsd" version="3.0.1" name="es.cursosprhib.mediosdepago.servicio.TestCompraSpring" time="2.605" tests="1" errors="0" skipped="0" failures="0">
  <properties>
[...]
</properties>
  <testcase name="testBuscarExtractoTarjeta" classname="es.cursosprhib.mediosdepago.servicio.TestCompraSpring" time="0.456">
    <system-err><![CDATA[feb 11, 2025 11:00:25 P. M. org.hibernate.jpa.internal.util.LogHelper logPersistenceUnitInformation
INFO: HHH000204: Processing PersistenceUnitInfo [name: mediosdepago]
feb 11, 2025 11:00:25 P. M. org.hibernate.Version logVersion
INFO: HHH000412: Hibernate ORM core version 6.6.4.Final
feb 11, 2025 11:00:25 P. M. org.hibernate.jpa.boot.internal.EntityManagerFactoryBuilderImpl lambda$normalizeConnectionAccessUserAndPass$3
WARN: HHH90000021: Encountered deprecated setting [javax.persistence.jdbc.user], use [jakarta.persistence.jdbc.user] instead
feb 11, 2025 11:00:25 P. M. org.hibernate.jpa.boot.internal.EntityManagerFactoryBuilderImpl lambda$normalizeConnectionAccessUserAndPass$9
WARN: HHH90000021: Encountered deprecated setting [javax.persistence.jdbc.password], use [jakarta.persistence.jdbc.password] instead
feb 11, 2025 11:00:25 P. M. org.hibernate.jpa.boot.internal.EntityManagerFactoryBuilderImpl normalizeDataAccess
WARN: HHH90000021: Encountered deprecated setting [javax.persistence.jdbc.url], use [jakarta.persistence.jdbc.url] instead
feb 11, 2025 11:00:25 P. M. org.hibernate.jpa.boot.internal.EntityManagerFactoryBuilderImpl lambda$normalizeDataAccess$21
WARN: HHH90000021: Encountered deprecated setting [javax.persistence.jdbc.driver], use [jakarta.persistence.jdbc.driver] instead
feb 11, 2025 11:00:25 P. M. org.hibernate.cache.internal.RegionFactoryInitiator initiateService
INFO: HHH000026: Second-level cache disabled
feb 11, 2025 11:00:25 P. M. org.hibernate.engine.jdbc.connections.internal.DriverManagerConnectionProviderImpl configure
WARN: HHH10001002: Using built-in connection pool (not intended for production use)
feb 11, 2025 11:00:25 P. M. org.hibernate.engine.jdbc.dialect.internal.DialectFactoryImpl constructDialect
WARN: HHH90000025: MySQL8Dialect does not need to be specified explicitly using 'hibernate.dialect' (remove the property setting and it will be selected by default)
feb 11, 2025 11:00:25 P. M. org.hibernate.engine.jdbc.dialect.internal.DialectFactoryImpl logSelectedDialect
WARN: HHH90000026: MySQL8Dialect has been deprecated; use org.hibernate.dialect.MySQLDialect instead
feb 11, 2025 11:00:25 P. M. org.hibernate.engine.jdbc.env.internal.JdbcEnvironmentInitiator initiateService
INFO: HHH10001005: Database info:
	Database JDBC URL [jdbc:mysql://localhost:3306/medios_de_pago]
	Database driver: com.mysql.cj.jdbc.Driver
	Database version: 8.0
	Autocommit mode: false
	Isolation level: undefined/unknown
	Minimum pool size: 1
	Maximum pool size: 20
feb 11, 2025 11:00:26 P. M. org.hibernate.engine.transaction.jta.platform.internal.JtaPlatformInitiator initiateService
INFO: HHH000489: No JTA platform available (set 'hibernate.transaction.jta.platform' to enable JTA platform integration)
]]></system-err>
  </testcase>
</testsuite>